[Licensing::Module] Trying to connect to existing licensing client channel...
[Licensing::IpcConnector] Successfully connected to: "LicenseClient-rafal" at "2025-11-03T18:21:07.8535913Z"
Built from '6000.2/respin/6000.2.7f1-2eb0c79396db' branch; Version is '6000.2.7f2 (2b518236b676) revision 2838914'; Using compiler version '194234433'; Build Type 'Release'
OS: 'Windows 11  (10.0.26100) 64bit Core' Language: 'en' Physical Memory: 15791 MB
BatchMode: 1, IsHumanControllingUs: 0, StartBugReporterOnCrash: 0, Is64bit: 1
Date: 2025-11-03T18:21:07Z

COMMAND LINE ARGUMENTS:
C:\Program Files\Unity\Hub\Editor\6000.2.7f2\Editor\Unity.exe
-adb2
-batchMode
-noUpm
-name
AssetImportWorker0
-projectPath
D:/school/semestr7/Grafika_3d/zad1/zad1
-logFile
Logs/AssetImportWorker0.log
-srvPort
54525
-licensingIpc
LicenseClient-rafal
-job-worker-count
7
-background-job-worker-count
8
-gc-helper-count
1
-name
AssetImport
Successfully changed project path to: D:/school/semestr7/Grafika_3d/zad1/zad1
D:/school/semestr7/Grafika_3d/zad1/zad1
[UnityMemory] Configuration Parameters - Can be set up in boot.config
    "memorysetup-allocator-temp-initial-block-size-main=262144"
    "memorysetup-allocator-temp-initial-block-size-worker=262144"
    "memorysetup-bucket-allocator-granularity=16"
    "memorysetup-bucket-allocator-bucket-count=8"
    "memorysetup-bucket-allocator-block-size=33554432"
    "memorysetup-bucket-allocator-block-count=8"
    "memorysetup-main-allocator-block-size=16777216"
    "memorysetup-thread-allocator-block-size=16777216"
    "memorysetup-gfx-main-allocator-block-size=16777216"
    "memorysetup-gfx-thread-allocator-block-size=16777216"
    "memorysetup-cache-allocator-block-size=4194304"
    "memorysetup-typetree-allocator-block-size=2097152"
    "memorysetup-profiler-bucket-allocator-granularity=16"
    "memorysetup-profiler-bucket-allocator-bucket-count=8"
    "memorysetup-profiler-bucket-allocator-block-size=33554432"
    "memorysetup-profiler-bucket-allocator-block-count=8"
    "memorysetup-profiler-allocator-block-size=16777216"
    "memorysetup-profiler-editor-allocator-block-size=1048576"
    "memorysetup-temp-allocator-size-main=16777216"
    "memorysetup-job-temp-allocator-block-size=2097152"
    "memorysetup-job-temp-allocator-block-size-background=1048576"
    "memorysetup-job-temp-allocator-reduction-small-platforms=262144"
    "memorysetup-temp-allocator-size-background-worker=32768"
    "memorysetup-temp-allocator-size-job-worker=262144"
    "memorysetup-temp-allocator-size-preload-manager=33554432"
    "memorysetup-temp-allocator-size-nav-mesh-worker=65536"
    "memorysetup-temp-allocator-size-audio-worker=65536"
    "memorysetup-temp-allocator-size-cloud-worker=32768"
    "memorysetup-temp-allocator-size-gi-baking-worker=262144"
    "memorysetup-temp-allocator-size-gi-baking-worker=262144"
    "memorysetup-temp-allocator-size-gi-baking-worker=262144"
    "memorysetup-temp-allocator-size-gi-baking-worker=262144"
    "memorysetup-temp-allocator-size-gi-baking-worker=262144"
    "memorysetup-temp-allocator-size-gfx=262144"
Player connection [30472]  Target information:

Player connection [30472]  * "[IP] 192.168.56.1 [Port] 0 [Flags] 2 [Guid] 3995861151 [EditorId] 3995861151 [Version] 1048832 [Id] WindowsEditor(7,Laptop_Rafal) [Debug] 1 [PackageName] WindowsEditor [ProjectName] Editor" 

Player connection [30472]  * "[IP] 172.30.16.1 [Port] 0 [Flags] 2 [Guid] 3995861151 [EditorId] 3995861151 [Version] 1048832 [Id] WindowsEditor(7,Laptop_Rafal) [Debug] 1 [PackageName] WindowsEditor [ProjectName] Editor" 

Player connection [30472]  * "[IP] 172.20.10.6 [Port] 0 [Flags] 2 [Guid] 3995861151 [EditorId] 3995861151 [Version] 1048832 [Id] WindowsEditor(7,Laptop_Rafal) [Debug] 1 [PackageName] WindowsEditor [ProjectName] Editor" 

Player connection [30472] Host joined multi-casting on [225.0.0.222:54997]...
Player connection [30472] Host joined alternative multi-casting on [225.0.0.222:34997]...
JobSystem: Creating JobQueue using job-worker-count value 7
Input System module state changed to: Initialized.
[Physics::Module] Initialized fallback backend.
[Physics::Module] Id: 0xdecafbad
[Licensing::Client] Code 10 while verifying Licensing Client signature (process Id: 25576, path: "D:/Applications/Other_apps/Unity Hub/UnityLicensingClient_V1/Unity.Licensing.Client.exe")
[Licensing::Module] LicensingClient has failed validation; ignoring
[Licensing::Client] Handshaking with LicensingClient:
  Version:                 1.17.3+a4e98f1
  Session Id:              f9659ab4088e40f8a23d928fda483ad7
  Correlation Id:          067e8122d50e9e2012f8815f5278be97
  External correlation Id: 5245751865821681899
  Machine Id:              uIyMs24A/rk+8XEZSdpqQrGrOGc=
[Licensing::Module] Successfully connected to LicensingClient on channel: "LicenseClient-rafal" (connect: 0.00s, validation: 0.00s, handshake: 0.05s)
[Licensing::IpcConnector] Successfully connected to: "LicenseClient-rafal-notifications" at "2025-11-03T18:21:07.9019383Z"
[Licensing::Module] Licensing Background thread has ended after 0.05s
Library Redirect Path: Library/
[Physics::Module] Selected backend.
[Physics::Module] Name: PhysX
[Physics::Module] Id: 0xf2b8ea05
[Physics::Module] SDK Version: 4.1.2
[Physics::Module] Integration Version: 1.0.0
[Physics::Module] Threading Mode: Multi-Threaded
Refreshing native plugins compatible for Editor in 2.42 ms, found 3 plugins.
Preloading 0 native plugins for Editor in 0.00 ms.
Initialize engine version: 6000.2.7f2 (2b518236b676)
[Subsystems] Discovering subsystems at path C:/Program Files/Unity/Hub/Editor/6000.2.7f2/Editor/Data/Resources/UnitySubsystems
[Subsystems] Discovering subsystems at path D:/school/semestr7/Grafika_3d/zad1/zad1/Assets
GfxDevice: creating device client; kGfxThreadingModeNonThreaded
Direct3D:
    Version:  Direct3D 11.0 [level 11.1]
    Renderer: NVIDIA GeForce RTX 3060 Laptop GPU (ID=0x2520)
    Vendor:   NVIDIA
    VRAM:     5996 MB
    Driver:   32.0.15.7628
Initialize mono
Mono path[0] = 'C:/Program Files/Unity/Hub/Editor/6000.2.7f2/Editor/Data/Managed'
Mono path[1] = 'C:/Program Files/Unity/Hub/Editor/6000.2.7f2/Editor/Data/MonoBleedingEdge/lib/mono/unityjit-win32'
Mono config path = 'C:/Program Files/Unity/Hub/Editor/6000.2.7f2/Editor/Data/MonoBleedingEdge/etc'
Using monoOptions --debugger-agent=transport=dt_socket,embedding=1,server=y,suspend=n,address=127.0.0.1:56368
Begin MonoManager ReloadAssembly
Registering precompiled unity dll's ...
Register platform support module: C:/Program Files/Unity/Hub/Editor/6000.2.7f2/Editor/Data/PlaybackEngines/WebGLSupport/UnityEditor.WebGL.Extensions.dll
Register platform support module: C:/Program Files/Unity/Hub/Editor/6000.2.7f2/Editor/Data/PlaybackEngines/WindowsStandaloneSupport/UnityEditor.WindowsStandalone.Extensions.dll
Registered in 0.003024 seconds.
- Loaded All Assemblies, in  0.432 seconds
Native extension for WindowsStandalone target not found
Native extension for WebGL target not found
Mono: successfully reloaded assembly
- Finished resetting the current domain, in  0.368 seconds
Domain Reload Profiling: 797ms
	BeginReloadAssembly (132ms)
		ExecutionOrderSort (0ms)
		DisableScriptedObjects (0ms)
		BackupInstance (0ms)
		ReleaseScriptingObjects (0ms)
		CreateAndSetChildDomain (1ms)
	RebuildCommonClasses (45ms)
	RebuildNativeTypeToScriptingClass (13ms)
	initialDomainReloadingComplete (56ms)
	LoadAllAssembliesAndSetupDomain (182ms)
		LoadAssemblies (130ms)
		RebuildTransferFunctionScriptingTraits (0ms)
		AnalyzeDomain (179ms)
			TypeCache.Refresh (176ms)
				TypeCache.ScanAssembly (161ms)
			BuildScriptInfoCaches (0ms)
			ResolveRequiredComponents (0ms)
	FinalizeReload (369ms)
		ReleaseScriptCaches (0ms)
		RebuildScriptCaches (0ms)
		SetupLoadedEditorAssemblies (325ms)
			LogAssemblyErrors (0ms)
			InitializePlatformSupportModulesInManaged (58ms)
			SetLoadedEditorAssemblies (4ms)
			BeforeProcessingInitializeOnLoad (72ms)
			ProcessInitializeOnLoadAttributes (136ms)
			ProcessInitializeOnLoadMethodAttributes (55ms)
			AfterProcessingInitializeOnLoad (0ms)
			EditorAssembliesLoaded (0ms)
		ExecutionOrderSort2 (0ms)
		AwakeInstancesAfterBackupRestoration (0ms)
========================================================================
Worker process is ready to serve import requests
Import Worker Mode flag is 0x00
Begin MonoManager ReloadAssembly
[Licensing::Client] Successfully resolved entitlement details
[Licensing::Module] License group:
  Id: 7972507645094-UnityPersXXXX
  Product: Unity Personal
  Type: Assigned
  Expiration: Unlimited
- Loaded All Assemblies, in  0.699 seconds
Refreshing native plugins compatible for Editor in 0.82 ms, found 3 plugins.
Native extension for WindowsStandalone target not found
Native extension for WebGL target not found
Package Manager log level set to [2]
[Package Manager] Failed to launch server process. Reason: Unity was launched with the -noUpm command-line argument
[Package Manager] Unable to send message (not connected to server process).
[Package Manager] Cannot connect to Unity Package Manager local server
Mono: successfully reloaded assembly
- Finished resetting the current domain, in  0.596 seconds
Domain Reload Profiling: 1292ms
	BeginReloadAssembly (188ms)
		ExecutionOrderSort (0ms)
		DisableScriptedObjects (7ms)
		BackupInstance (0ms)
		ReleaseScriptingObjects (0ms)
		CreateAndSetChildDomain (35ms)
	RebuildCommonClasses (39ms)
	RebuildNativeTypeToScriptingClass (12ms)
	initialDomainReloadingComplete (39ms)
	LoadAllAssembliesAndSetupDomain (416ms)
		LoadAssemblies (323ms)
		RebuildTransferFunctionScriptingTraits (0ms)
		AnalyzeDomain (194ms)
			TypeCache.Refresh (157ms)
				TypeCache.ScanAssembly (144ms)
			BuildScriptInfoCaches (29ms)
			ResolveRequiredComponents (5ms)
	FinalizeReload (597ms)
		ReleaseScriptCaches (0ms)
		RebuildScriptCaches (0ms)
		SetupLoadedEditorAssemblies (485ms)
			LogAssemblyErrors (0ms)
			InitializePlatformSupportModulesInManaged (3ms)
			SetLoadedEditorAssemblies (6ms)
			BeforeProcessingInitializeOnLoad (100ms)
			ProcessInitializeOnLoadAttributes (345ms)
			ProcessInitializeOnLoadMethodAttributes (26ms)
			AfterProcessingInitializeOnLoad (5ms)
			EditorAssembliesLoaded (0ms)
		ExecutionOrderSort2 (0ms)
		AwakeInstancesAfterBackupRestoration (6ms)
Launched and connected shader compiler UnityShaderCompiler.exe after 0.01 seconds
Refreshing native plugins compatible for Editor in 2.59 ms, found 3 plugins.
Preloading 0 native plugins for Editor in 0.00 ms.
Unloading 0 Unused Serialized files (Serialized files now loaded: 0)
Unloading 3863 unused Assets / (1.3 MB). Loaded Objects now: 4364.
Memory consumption went from 85.6 MB to 84.3 MB.
Total: 13.520400 ms (FindLiveObjects: 1.038700 ms CreateObjectMapping: 1.030800 ms MarkObjects: 8.786300 ms  DeleteObjects: 2.662200 ms)

========================================================================
Received Import Request.
  Time since last request: 1545459.790583 seconds.
  path: Assets/Korytarz 1/Korytarz/wood/Materials/wood_spec.mat
  artifactKey: Guid(4d2263634cac05a4398b6d8dccee5465) Importer(815301076,1909f56bfc062723c751e8b465ee728b)
Start importing Assets/Korytarz 1/Korytarz/wood/Materials/wood_spec.mat using Guid(4d2263634cac05a4398b6d8dccee5465) Importer(815301076,1909f56bfc062723c751e8b465ee728b) (PreviewImporter) -> (artifact id: 'b765f46c95a171c67f14b456c1602e4b') in 0.113371 seconds
Number of updated asset objects reloaded before import = 0Number of asset objects unloaded after import = 2

========================================================================
Received Import Request.
  Time since last request: 0.001829 seconds.
  path: Assets/Materials/Materials/starry_skybox.mat
  artifactKey: Guid(391157d1cf4c1a84ebaea49b07279cf5) Importer(815301076,1909f56bfc062723c751e8b465ee728b)
Start importing Assets/Materials/Materials/starry_skybox.mat using Guid(391157d1cf4c1a84ebaea49b07279cf5) Importer(815301076,1909f56bfc062723c751e8b465ee728b) (PreviewImporter) -> (artifact id: '8e1a6c71ef423ee3694c677cca3a8b54') in 0.0221755 seconds
Number of updated asset objects reloaded before import = 0Number of asset objects unloaded after import = 2

========================================================================
Received Import Request.
  Time since last request: 0.006448 seconds.
  path: Assets/Korytarz 1/Korytarz/wood/wood_spec.jpg
  artifactKey: Guid(000a609afb24a404ca848b3a9beb016f) Importer(815301076,1909f56bfc062723c751e8b465ee728b)
Start importing Assets/Korytarz 1/Korytarz/wood/wood_spec.jpg using Guid(000a609afb24a404ca848b3a9beb016f) Importer(815301076,1909f56bfc062723c751e8b465ee728b) (PreviewImporter) -> (artifact id: '408eea5304f52540517b0298edef83b7') in 0.024488 seconds
Number of updated asset objects reloaded before import = 0Number of asset objects unloaded after import = 2

========================================================================
Received Import Request.
  Time since last request: 0.026958 seconds.
  path: Assets/Jaskinia/3 (4).png
  artifactKey: Guid(141d251bf301b584292cfd7e7039a1a3) Importer(815301076,1909f56bfc062723c751e8b465ee728b)
Start importing Assets/Jaskinia/3 (4).png using Guid(141d251bf301b584292cfd7e7039a1a3) Importer(815301076,1909f56bfc062723c751e8b465ee728b) (PreviewImporter) -> (artifact id: '4c2b1c55c4f296d78b37f2dc170318ab') in 0.0142068 seconds
Number of updated asset objects reloaded before import = 0Number of asset objects unloaded after import = 2

========================================================================
Received Import Request.
  Time since last request: 0.017396 seconds.
  path: Assets/Korytarz 1/Korytarz/tierra/Materials
  artifactKey: Guid(fcbcad37f8dc1b84798137aad9bf066c) Importer(815301076,1909f56bfc062723c751e8b465ee728b)
Start importing Assets/Korytarz 1/Korytarz/tierra/Materials using Guid(fcbcad37f8dc1b84798137aad9bf066c) Importer(815301076,1909f56bfc062723c751e8b465ee728b) (PreviewImporter) -> (artifact id: 'e96ddafba318faec211d2f5daad366a7') in 0.0007515 seconds
Number of updated asset objects reloaded before import = 0Number of asset objects unloaded after import = 0

========================================================================
Received Import Request.
  Time since last request: 0.029402 seconds.
  path: Assets/Korytarz 1/Korytarz/wood/wood_displace.jpg
  artifactKey: Guid(5887121efea204146857b08ce11a2260) Importer(815301076,1909f56bfc062723c751e8b465ee728b)
Start importing Assets/Korytarz 1/Korytarz/wood/wood_displace.jpg using Guid(5887121efea204146857b08ce11a2260) Importer(815301076,1909f56bfc062723c751e8b465ee728b) (PreviewImporter) -> (artifact id: 'c72026625b8c57ba1e01890725fcd4dc') in 0.0140337 seconds
Number of updated asset objects reloaded before import = 0Number of asset objects unloaded after import = 2

========================================================================
Received Import Request.
  Time since last request: 0.134799 seconds.
  path: Assets/Jaskinia/Materials/2(3).mat
  artifactKey: Guid(f0dc6db0c21afae40bf24cc6cf228554) Importer(815301076,1909f56bfc062723c751e8b465ee728b)
Start importing Assets/Jaskinia/Materials/2(3).mat using Guid(f0dc6db0c21afae40bf24cc6cf228554) Importer(815301076,1909f56bfc062723c751e8b465ee728b) (PreviewImporter) -> (artifact id: '70369ef55679e48720f2308725057e6e') in 0.0151786 seconds
Number of updated asset objects reloaded before import = 0Number of asset objects unloaded after import = 2

========================================================================
Received Import Request.
  Time since last request: 0.019117 seconds.
  path: Assets/Jaskinia/4(2).png
  artifactKey: Guid(939144cee94175b44adfe63123237ace) Importer(815301076,1909f56bfc062723c751e8b465ee728b)
Start importing Assets/Jaskinia/4(2).png using Guid(939144cee94175b44adfe63123237ace) Importer(815301076,1909f56bfc062723c751e8b465ee728b) (PreviewImporter) -> (artifact id: 'f747a091cdd0403e8de6b37af7cd8a33') in 0.0154615 seconds
Number of updated asset objects reloaded before import = 0Number of asset objects unloaded after import = 2

========================================================================
Received Import Request.
  Time since last request: 0.030006 seconds.
  path: Assets/Jaskinia/2 (4).png
  artifactKey: Guid(1df02190ae25fe64abce01a9f5597691) Importer(815301076,1909f56bfc062723c751e8b465ee728b)
Start importing Assets/Jaskinia/2 (4).png using Guid(1df02190ae25fe64abce01a9f5597691) Importer(815301076,1909f56bfc062723c751e8b465ee728b) (PreviewImporter) -> (artifact id: '390be177cb13eca62923fbd80f16414a') in 0.0149917 seconds
Number of updated asset objects reloaded before import = 0Number of asset objects unloaded after import = 2

========================================================================
Received Import Request.
  Time since last request: 0.004495 seconds.
  path: Assets/Korytarz 1/Korytarz/tierra/photos_2015_09_18_fst_1058v0uyzq4_displace.jpg
  artifactKey: Guid(8ed6bf174aba0f344af92daedd3005b2) Importer(815301076,1909f56bfc062723c751e8b465ee728b)
Start importing Assets/Korytarz 1/Korytarz/tierra/photos_2015_09_18_fst_1058v0uyzq4_displace.jpg using Guid(8ed6bf174aba0f344af92daedd3005b2) Importer(815301076,1909f56bfc062723c751e8b465ee728b) (PreviewImporter) -> (artifact id: '60969720e4c0cdc99e93478a36747a00') in 0.0172347 seconds
Number of updated asset objects reloaded before import = 0Number of asset objects unloaded after import = 2

========================================================================
Received Import Request.
  Time since last request: 0.003750 seconds.
  path: Assets/Torch 1/Torch/lsd_defaultMat_Roughness copy.jpg
  artifactKey: Guid(34839bd17bc9f094080e344ae9b527be) Importer(815301076,1909f56bfc062723c751e8b465ee728b)
Start importing Assets/Torch 1/Torch/lsd_defaultMat_Roughness copy.jpg using Guid(34839bd17bc9f094080e344ae9b527be) Importer(815301076,1909f56bfc062723c751e8b465ee728b) (PreviewImporter) -> (artifact id: 'be0b3d2809aef351f8f9912644776348') in 0.0144942 seconds
Number of updated asset objects reloaded before import = 0Number of asset objects unloaded after import = 2

========================================================================
Received Import Request.
  Time since last request: 0.003947 seconds.
  path: Assets/Jaskinia/3 (1).png
  artifactKey: Guid(e6419b304fbe2a44580b49e93c534703) Importer(815301076,1909f56bfc062723c751e8b465ee728b)
Start importing Assets/Jaskinia/3 (1).png using Guid(e6419b304fbe2a44580b49e93c534703) Importer(815301076,1909f56bfc062723c751e8b465ee728b) (PreviewImporter) -> (artifact id: '33e3ccead84805e3d3309b47766c0a86') in 0.0146226 seconds
Number of updated asset objects reloaded before import = 0Number of asset objects unloaded after import = 2

========================================================================
Received Import Request.
  Time since last request: 0.040154 seconds.
  path: Assets/Korytarz 1/Korytarz/concrete/Materials/concrete.mat
  artifactKey: Guid(38512ca48868eb14cb3829dc289d6800) Importer(815301076,1909f56bfc062723c751e8b465ee728b)
Start importing Assets/Korytarz 1/Korytarz/concrete/Materials/concrete.mat using Guid(38512ca48868eb14cb3829dc289d6800) Importer(815301076,1909f56bfc062723c751e8b465ee728b) (PreviewImporter) -> (artifact id: 'a3308ef9c51cddf30b22bccb81ebcff5') in 0.0153083 seconds
Number of updated asset objects reloaded before import = 0Number of asset objects unloaded after import = 2

========================================================================
Received Import Request.
  Time since last request: 0.004726 seconds.
  path: Assets/Torch 1/Torch/lsd_defaultMat_Normal_OpenGL copy.jpg
  artifactKey: Guid(196db9f1248dbcb42bf3a63a39c71cd5) Importer(815301076,1909f56bfc062723c751e8b465ee728b)
Start importing Assets/Torch 1/Torch/lsd_defaultMat_Normal_OpenGL copy.jpg using Guid(196db9f1248dbcb42bf3a63a39c71cd5) Importer(815301076,1909f56bfc062723c751e8b465ee728b) (PreviewImporter) -> (artifact id: '2c722fc187d61032f402ef64c1a09ffe') in 0.014332 seconds
Number of updated asset objects reloaded before import = 0Number of asset objects unloaded after import = 2

========================================================================
Received Import Request.
  Time since last request: 0.031179 seconds.
  path: Assets/Korytarz 1/Korytarz/wood/Materials
  artifactKey: Guid(b4ed5ae79eb009747a4652481621e49c) Importer(815301076,1909f56bfc062723c751e8b465ee728b)
Start importing Assets/Korytarz 1/Korytarz/wood/Materials using Guid(b4ed5ae79eb009747a4652481621e49c) Importer(815301076,1909f56bfc062723c751e8b465ee728b) (PreviewImporter) -> (artifact id: '2db54af1f8f6c4a9d9474c7d2c4969be') in 0.0007387 seconds
Number of updated asset objects reloaded before import = 0Number of asset objects unloaded after import = 0

========================================================================
Received Import Request.
  Time since last request: 0.004332 seconds.
  path: Assets/Jaskinia/3 (2).png
  artifactKey: Guid(f968d68a7a358ce48b81fe284e776b69) Importer(815301076,1909f56bfc062723c751e8b465ee728b)
Start importing Assets/Jaskinia/3 (2).png using Guid(f968d68a7a358ce48b81fe284e776b69) Importer(815301076,1909f56bfc062723c751e8b465ee728b) (PreviewImporter) -> (artifact id: 'c037b3263f01cc0c6cde941ffcf0b0e4') in 0.0155408 seconds
Number of updated asset objects reloaded before import = 0Number of asset objects unloaded after import = 2

========================================================================
Received Import Request.
  Time since last request: 0.018492 seconds.
  path: Assets/Materials/casino_simple.mat
  artifactKey: Guid(b84493acbc63f20419cfc3c1011d6c31) Importer(815301076,1909f56bfc062723c751e8b465ee728b)
Start importing Assets/Materials/casino_simple.mat using Guid(b84493acbc63f20419cfc3c1011d6c31) Importer(815301076,1909f56bfc062723c751e8b465ee728b) (PreviewImporter) -> (artifact id: 'cc5c4634eeecdc659e4e72440a2e2128') in 0.0162752 seconds
Number of updated asset objects reloaded before import = 0Number of asset objects unloaded after import = 2

========================================================================
Received Import Request.
  Time since last request: 0.006153 seconds.
  path: Assets/Jaskinia/4 (1).png
  artifactKey: Guid(36eb1085229b9d24cb8bb63046cb222f) Importer(815301076,1909f56bfc062723c751e8b465ee728b)
Start importing Assets/Jaskinia/4 (1).png using Guid(36eb1085229b9d24cb8bb63046cb222f) Importer(815301076,1909f56bfc062723c751e8b465ee728b) (PreviewImporter) -> (artifact id: 'ea1fab0223cecd5ed34c0df3cbd4592f') in 0.0152204 seconds
Number of updated asset objects reloaded before import = 0Number of asset objects unloaded after import = 2

========================================================================
Received Import Request.
  Time since last request: 0.004914 seconds.
  path: Assets/Jaskinia/4 (2).png
  artifactKey: Guid(4fb42edf78061b04d85802be0554b163) Importer(815301076,1909f56bfc062723c751e8b465ee728b)
Start importing Assets/Jaskinia/4 (2).png using Guid(4fb42edf78061b04d85802be0554b163) Importer(815301076,1909f56bfc062723c751e8b465ee728b) (PreviewImporter) -> (artifact id: 'f772082500349bdb9605045c42883829') in 0.0150531 seconds
Number of updated asset objects reloaded before import = 0Number of asset objects unloaded after import = 2

========================================================================
Received Import Request.
  Time since last request: 0.016758 seconds.
  path: Assets/hallway.jpg
  artifactKey: Guid(c590d313522adfa439573c3d0c94df76) Importer(815301076,1909f56bfc062723c751e8b465ee728b)
Start importing Assets/hallway.jpg using Guid(c590d313522adfa439573c3d0c94df76) Importer(815301076,1909f56bfc062723c751e8b465ee728b) (PreviewImporter) -> (artifact id: '37fac4072c17743a9d1818dd20a5a913') in 0.0146561 seconds
Number of updated asset objects reloaded before import = 0Number of asset objects unloaded after import = 2

========================================================================
Received Import Request.
  Time since last request: 0.004139 seconds.
  path: Assets/Korytarz 1/Korytarz/concrete/concrete.jpg
  artifactKey: Guid(26dfefd5bb875034894ee2bb4ab1de7b) Importer(815301076,1909f56bfc062723c751e8b465ee728b)
Start importing Assets/Korytarz 1/Korytarz/concrete/concrete.jpg using Guid(26dfefd5bb875034894ee2bb4ab1de7b) Importer(815301076,1909f56bfc062723c751e8b465ee728b) (PreviewImporter) -> (artifact id: 'da7e2b190f3bfb3eade4ed634eb4c538') in 0.01589 seconds
Number of updated asset objects reloaded before import = 0Number of asset objects unloaded after import = 2

========================================================================
Received Import Request.
  Time since last request: 0.081592 seconds.
  path: Assets/Torch 1/Torch/lsd_defaultMat_Base_Color.jpg
  artifactKey: Guid(28e318c15929a63459ae61165fe30d4d) Importer(815301076,1909f56bfc062723c751e8b465ee728b)
Start importing Assets/Torch 1/Torch/lsd_defaultMat_Base_Color.jpg using Guid(28e318c15929a63459ae61165fe30d4d) Importer(815301076,1909f56bfc062723c751e8b465ee728b) (PreviewImporter) -> (artifact id: '7fac7f983679014ca29da8e9b2a04534') in 0.014641 seconds
Number of updated asset objects reloaded before import = 0Number of asset objects unloaded after import = 2

========================================================================
Received Import Request.
  Time since last request: 0.031746 seconds.
  path: Assets/Jaskinia/4(3).png
  artifactKey: Guid(e5d62715d24c71042aa9be15357fd853) Importer(815301076,1909f56bfc062723c751e8b465ee728b)
Start importing Assets/Jaskinia/4(3).png using Guid(e5d62715d24c71042aa9be15357fd853) Importer(815301076,1909f56bfc062723c751e8b465ee728b) (PreviewImporter) -> (artifact id: 'c248c4bd43c1bf0799f416471a76d39e') in 0.0149186 seconds
Number of updated asset objects reloaded before import = 0Number of asset objects unloaded after import = 2

========================================================================
Received Import Request.
  Time since last request: 0.046825 seconds.
  path: Assets/Jaskinia/Materials/Deep Cave.mat
  artifactKey: Guid(e34b783b38d2cc94997c99b01b2ae369) Importer(815301076,1909f56bfc062723c751e8b465ee728b)
Start importing Assets/Jaskinia/Materials/Deep Cave.mat using Guid(e34b783b38d2cc94997c99b01b2ae369) Importer(815301076,1909f56bfc062723c751e8b465ee728b) (PreviewImporter) -> (artifact id: 'df07e14063fafd1559051d3aef8ce577') in 0.0162379 seconds
Number of updated asset objects reloaded before import = 0Number of asset objects unloaded after import = 2

========================================================================
Received Import Request.
  Time since last request: 0.017067 seconds.
  path: Assets/Jaskinia/2 (2).png
  artifactKey: Guid(a96f17df2e8604e40868c5b662435b2b) Importer(815301076,1909f56bfc062723c751e8b465ee728b)
Start importing Assets/Jaskinia/2 (2).png using Guid(a96f17df2e8604e40868c5b662435b2b) Importer(815301076,1909f56bfc062723c751e8b465ee728b) (PreviewImporter) -> (artifact id: '9effd92284634e34aa81faa006eff207') in 0.0145276 seconds
Number of updated asset objects reloaded before import = 0Number of asset objects unloaded after import = 2

========================================================================
Received Import Request.
  Time since last request: 0.016373 seconds.
  path: Assets/Korytarz 1/Korytarz/wood/concrete_normal.jpg
  artifactKey: Guid(abf6dba40fec2ac4baad7ae2575f0754) Importer(815301076,1909f56bfc062723c751e8b465ee728b)
Start importing Assets/Korytarz 1/Korytarz/wood/concrete_normal.jpg using Guid(abf6dba40fec2ac4baad7ae2575f0754) Importer(815301076,1909f56bfc062723c751e8b465ee728b) (PreviewImporter) -> (artifact id: '6e7232e9e505876a44d9e4b23db6ee8b') in 0.0140912 seconds
Number of updated asset objects reloaded before import = 0Number of asset objects unloaded after import = 2

========================================================================
Received Import Request.
  Time since last request: 0.002509 seconds.
  path: Assets/Korytarz 1/Korytarz/wood/Materials/concrete_spec.mat
  artifactKey: Guid(95f80547a12bda44582f898976a75f33) Importer(815301076,1909f56bfc062723c751e8b465ee728b)
Start importing Assets/Korytarz 1/Korytarz/wood/Materials/concrete_spec.mat using Guid(95f80547a12bda44582f898976a75f33) Importer(815301076,1909f56bfc062723c751e8b465ee728b) (PreviewImporter) -> (artifact id: 'f375bb3f3c2e71001dbda46764e46dd8') in 0.0154338 seconds
Number of updated asset objects reloaded before import = 0Number of asset objects unloaded after import = 2

========================================================================
Received Import Request.
  Time since last request: 0.012677 seconds.
  path: Assets/Korytarz 1/Korytarz/tierra/Materials/photos_2015_09_18_fst_1058v0uyzq4.mat
  artifactKey: Guid(5b8897fa98bf3bd4c9cedf28331b90a1) Importer(815301076,1909f56bfc062723c751e8b465ee728b)
Start importing Assets/Korytarz 1/Korytarz/tierra/Materials/photos_2015_09_18_fst_1058v0uyzq4.mat using Guid(5b8897fa98bf3bd4c9cedf28331b90a1) Importer(815301076,1909f56bfc062723c751e8b465ee728b) (PreviewImporter) -> (artifact id: '1b9551115d3855524723fff6fd3d3ccf') in 0.0162837 seconds
Number of updated asset objects reloaded before import = 0Number of asset objects unloaded after import = 2

========================================================================
Received Import Request.
  Time since last request: 0.004120 seconds.
  path: Assets/Korytarz 1/Korytarz/wood/Thumbs.db
  artifactKey: Guid(0257ab646240ed14fb8ec8902ad8c0dd) Importer(815301076,1909f56bfc062723c751e8b465ee728b)
Start importing Assets/Korytarz 1/Korytarz/wood/Thumbs.db using Guid(0257ab646240ed14fb8ec8902ad8c0dd) Importer(815301076,1909f56bfc062723c751e8b465ee728b) (PreviewImporter) -> (artifact id: '3013aa365bda3a63161007294df3e315') in 0.0012498 seconds
Number of updated asset objects reloaded before import = 0Number of asset objects unloaded after import = 1

========================================================================
Received Import Request.
  Time since last request: 0.033841 seconds.
  path: Assets/Korytarz 1/Korytarz/wood/concrete_displace.jpg
  artifactKey: Guid(ade169da2ea2bd54d9f7b5ebdf7af145) Importer(815301076,1909f56bfc062723c751e8b465ee728b)
Start importing Assets/Korytarz 1/Korytarz/wood/concrete_displace.jpg using Guid(ade169da2ea2bd54d9f7b5ebdf7af145) Importer(815301076,1909f56bfc062723c751e8b465ee728b) (PreviewImporter) -> (artifact id: 'd2465a3e363f1c0ff8b5c0482b008830') in 0.0160572 seconds
Number of updated asset objects reloaded before import = 0Number of asset objects unloaded after import = 2

========================================================================
Received Import Request.
  Time since last request: 0.003748 seconds.
  path: Assets/Torch 1/Torch/VRayMtl1SG_Height copy.jpg
  artifactKey: Guid(90488cb27e68ebb46998c7d2de36170d) Importer(815301076,1909f56bfc062723c751e8b465ee728b)
Start importing Assets/Torch 1/Torch/VRayMtl1SG_Height copy.jpg using Guid(90488cb27e68ebb46998c7d2de36170d) Importer(815301076,1909f56bfc062723c751e8b465ee728b) (PreviewImporter) -> (artifact id: '199f6e582beb794d3f021e9ff1a2a9f5') in 0.0141048 seconds
Number of updated asset objects reloaded before import = 0Number of asset objects unloaded after import = 2

========================================================================
Received Import Request.
  Time since last request: 0.168386 seconds.
  path: Assets/Jaskinia/Materials/2(2).mat
  artifactKey: Guid(bd1a1ce2b6369844eb556118258084ed) Importer(815301076,1909f56bfc062723c751e8b465ee728b)
Start importing Assets/Jaskinia/Materials/2(2).mat using Guid(bd1a1ce2b6369844eb556118258084ed) Importer(815301076,1909f56bfc062723c751e8b465ee728b) (PreviewImporter) -> (artifact id: '27c3ed07c9a98bee77fdc99a8771c7d4') in 0.0154594 seconds
Number of updated asset objects reloaded before import = 0Number of asset objects unloaded after import = 2

========================================================================
Received Import Request.
  Time since last request: 0.015106 seconds.
  path: Assets/Jaskinia/license.txt
  artifactKey: Guid(ab1c0c46db91fd74b92e6aa49be35e01) Importer(815301076,1909f56bfc062723c751e8b465ee728b)
Start importing Assets/Jaskinia/license.txt using Guid(ab1c0c46db91fd74b92e6aa49be35e01) Importer(815301076,1909f56bfc062723c751e8b465ee728b) (PreviewImporter) -> (artifact id: '9e4630fd2fd17b6318910610ecdc4d62') in 0.0013652 seconds
Number of updated asset objects reloaded before import = 0Number of asset objects unloaded after import = 1

========================================================================
Received Import Request.
  Time since last request: 0.009594 seconds.
  path: Assets/Korytarz 1/Korytarz/tierra/photos_2015_09_18_fst_1058v0uyzq4.jpg
  artifactKey: Guid(9ae67cc77de0f254bbfcdcbf146321e3) Importer(815301076,1909f56bfc062723c751e8b465ee728b)
Start importing Assets/Korytarz 1/Korytarz/tierra/photos_2015_09_18_fst_1058v0uyzq4.jpg using Guid(9ae67cc77de0f254bbfcdcbf146321e3) Importer(815301076,1909f56bfc062723c751e8b465ee728b) (PreviewImporter) -> (artifact id: '3d8af18b70cfb46133c5c5b16b6f0089') in 0.0151118 seconds
Number of updated asset objects reloaded before import = 0Number of asset objects unloaded after import = 2

========================================================================
Received Import Request.
  Time since last request: 0.004702 seconds.
  path: Assets/Torch 1/Torch/VRayMtl2SG_Normal_OpenGL copy.jpg
  artifactKey: Guid(6d0c6f9cb8c66a94f8dcf34a829feb65) Importer(815301076,1909f56bfc062723c751e8b465ee728b)
Start importing Assets/Torch 1/Torch/VRayMtl2SG_Normal_OpenGL copy.jpg using Guid(6d0c6f9cb8c66a94f8dcf34a829feb65) Importer(815301076,1909f56bfc062723c751e8b465ee728b) (PreviewImporter) -> (artifact id: '2b74e076fec269ecfe7ca3632aef2639') in 0.014414 seconds
Number of updated asset objects reloaded before import = 0Number of asset objects unloaded after import = 2

========================================================================
Received Import Request.
  Time since last request: 0.066320 seconds.
  path: Assets/Materials/hallway.mat
  artifactKey: Guid(232a1052f1ce47746b874d3f3ad31132) Importer(815301076,1909f56bfc062723c751e8b465ee728b)
Start importing Assets/Materials/hallway.mat using Guid(232a1052f1ce47746b874d3f3ad31132) Importer(815301076,1909f56bfc062723c751e8b465ee728b) (PreviewImporter) -> (artifact id: 'a10c7add28008257f5a83bb0da0bf638') in 0.016528 seconds
Number of updated asset objects reloaded before import = 0Number of asset objects unloaded after import = 2

========================================================================
Received Import Request.
  Time since last request: 0.004074 seconds.
  path: Assets/Torch 1/Torch/VRayMtl2SG_Height copy.jpg
  artifactKey: Guid(b2b53ac71148799428a3e505e03bb0d8) Importer(815301076,1909f56bfc062723c751e8b465ee728b)
Start importing Assets/Torch 1/Torch/VRayMtl2SG_Height copy.jpg using Guid(b2b53ac71148799428a3e505e03bb0d8) Importer(815301076,1909f56bfc062723c751e8b465ee728b) (PreviewImporter) -> (artifact id: '0453ff6ddf98067c106cadb9645d649a') in 0.0148606 seconds
Number of updated asset objects reloaded before import = 0Number of asset objects unloaded after import = 2

========================================================================
Received Import Request.
  Time since last request: 0.021033 seconds.
  path: Assets/Torch 1/Torch/lsd_defaultMat_Base_Color copy.jpg
  artifactKey: Guid(2257f31f787eede4cabeb6115cadf9ad) Importer(815301076,1909f56bfc062723c751e8b465ee728b)
Start importing Assets/Torch 1/Torch/lsd_defaultMat_Base_Color copy.jpg using Guid(2257f31f787eede4cabeb6115cadf9ad) Importer(815301076,1909f56bfc062723c751e8b465ee728b) (PreviewImporter) -> (artifact id: 'e13db9e6994551e22b06b9cde2f6fb87') in 0.0148522 seconds
Number of updated asset objects reloaded before import = 0Number of asset objects unloaded after import = 2

========================================================================
Received Import Request.
  Time since last request: 0.020440 seconds.
  path: Assets/Korytarz 1/Korytarz/wood/wood_normal.jpg
  artifactKey: Guid(2a19528cad35a914da590da81eae8f77) Importer(815301076,1909f56bfc062723c751e8b465ee728b)
Start importing Assets/Korytarz 1/Korytarz/wood/wood_normal.jpg using Guid(2a19528cad35a914da590da81eae8f77) Importer(815301076,1909f56bfc062723c751e8b465ee728b) (PreviewImporter) -> (artifact id: '057110dea9eba34a49a81a29086a5179') in 0.0148398 seconds
Number of updated asset objects reloaded before import = 0Number of asset objects unloaded after import = 2

========================================================================
Received Import Request.
  Time since last request: 0.014241 seconds.
  path: Assets/Torch 1/Torch/VRayMtl1SG_Base_Color copy.jpg
  artifactKey: Guid(42e7b922d19fb264a844f2eb182ad40a) Importer(815301076,1909f56bfc062723c751e8b465ee728b)
Start importing Assets/Torch 1/Torch/VRayMtl1SG_Base_Color copy.jpg using Guid(42e7b922d19fb264a844f2eb182ad40a) Importer(815301076,1909f56bfc062723c751e8b465ee728b) (PreviewImporter) -> (artifact id: '1bcea6fd2c846b3dbc9dd3e3d629e30e') in 0.0139718 seconds
Number of updated asset objects reloaded before import = 0Number of asset objects unloaded after import = 2

========================================================================
Received Import Request.
  Time since last request: 0.054658 seconds.
  path: Assets/Korytarz 1/Korytarz/wood/Materials/wood.mat
  artifactKey: Guid(0489298771c42584ca03056ad762b99f) Importer(815301076,1909f56bfc062723c751e8b465ee728b)
Start importing Assets/Korytarz 1/Korytarz/wood/Materials/wood.mat using Guid(0489298771c42584ca03056ad762b99f) Importer(815301076,1909f56bfc062723c751e8b465ee728b) (PreviewImporter) -> (artifact id: '21e397004e99b923ac092471bc048c96') in 0.0152638 seconds
Number of updated asset objects reloaded before import = 0Number of asset objects unloaded after import = 2

========================================================================
Received Import Request.
  Time since last request: 0.070565 seconds.
  path: Assets/Korytarz 1/Korytarz/wood/concrete_spec.jpg
  artifactKey: Guid(1505b26f1afd10f4f8fbd59868c2e626) Importer(815301076,1909f56bfc062723c751e8b465ee728b)
Start importing Assets/Korytarz 1/Korytarz/wood/concrete_spec.jpg using Guid(1505b26f1afd10f4f8fbd59868c2e626) Importer(815301076,1909f56bfc062723c751e8b465ee728b) (PreviewImporter) -> (artifact id: '1bde20a9c7d294bcf76e6fd7ca82bf94') in 0.0161871 seconds
Number of updated asset objects reloaded before import = 0Number of asset objects unloaded after import = 2

========================================================================
Received Import Request.
  Time since last request: 0.012404 seconds.
  path: Assets/Korytarz 1/Korytarz/tierra/Materials/photos_2015_09_18_fst_1058v0uyzq4_spec.mat
  artifactKey: Guid(b99cbc17e5c54de4ab3615f52883f38c) Importer(815301076,1909f56bfc062723c751e8b465ee728b)
Start importing Assets/Korytarz 1/Korytarz/tierra/Materials/photos_2015_09_18_fst_1058v0uyzq4_spec.mat using Guid(b99cbc17e5c54de4ab3615f52883f38c) Importer(815301076,1909f56bfc062723c751e8b465ee728b) (PreviewImporter) -> (artifact id: 'b202534fc8ff9365263395b855d41d15') in 0.0181895 seconds
Number of updated asset objects reloaded before import = 0Number of asset objects unloaded after import = 2

========================================================================
Received Import Request.
  Time since last request: 0.103091 seconds.
  path: Assets/Korytarz 1/Korytarz/tierra/photos_2015_09_18_fst_1058v0uyzq4_normal.jpg
  artifactKey: Guid(f1867b34caa59614cb0d3d729389c5af) Importer(815301076,1909f56bfc062723c751e8b465ee728b)
Start importing Assets/Korytarz 1/Korytarz/tierra/photos_2015_09_18_fst_1058v0uyzq4_normal.jpg using Guid(f1867b34caa59614cb0d3d729389c5af) Importer(815301076,1909f56bfc062723c751e8b465ee728b) (PreviewImporter) -> (artifact id: '8da3370b6cd3fc2a195c116c96bfe8d6') in 0.0156403 seconds
Number of updated asset objects reloaded before import = 0Number of asset objects unloaded after import = 2

========================================================================
Received Import Request.
  Time since last request: 0.114021 seconds.
  path: Assets/Scenes/SampleScene.unity
  artifactKey: Guid(9fc0d4010bbf28b4594072e72b8655ab) Importer(815301076,1909f56bfc062723c751e8b465ee728b)
Start importing Assets/Scenes/SampleScene.unity using Guid(9fc0d4010bbf28b4594072e72b8655ab) Importer(815301076,1909f56bfc062723c751e8b465ee728b) (PreviewImporter) -> (artifact id: '440a321eab8df9c527bc8221dcae1bb5') in 0.0007866 seconds
Number of updated asset objects reloaded before import = 0Number of asset objects unloaded after import = 0

========================================================================
Received Import Request.
  Time since last request: 0.017156 seconds.
  path: Assets/Korytarz 1/Korytarz/wood/Materials/concrete_displace.mat
  artifactKey: Guid(ed4a7c0c75f2a2641bb49b11ac7a9218) Importer(815301076,1909f56bfc062723c751e8b465ee728b)
Start importing Assets/Korytarz 1/Korytarz/wood/Materials/concrete_displace.mat using Guid(ed4a7c0c75f2a2641bb49b11ac7a9218) Importer(815301076,1909f56bfc062723c751e8b465ee728b) (PreviewImporter) -> (artifact id: 'b6ca871fa8c71a1f34c974f186df7e4f') in 0.0160182 seconds
Number of updated asset objects reloaded before import = 0Number of asset objects unloaded after import = 2

========================================================================
Received Import Request.
  Time since last request: 0.040970 seconds.
  path: Assets/Jaskinia/4 (3).png
  artifactKey: Guid(e341fc236a714a54e8992e12f21779f6) Importer(815301076,1909f56bfc062723c751e8b465ee728b)
Start importing Assets/Jaskinia/4 (3).png using Guid(e341fc236a714a54e8992e12f21779f6) Importer(815301076,1909f56bfc062723c751e8b465ee728b) (PreviewImporter) -> (artifact id: '1aa5f3089e8f03ce7f91d09028d96a5f') in 0.0137345 seconds
Number of updated asset objects reloaded before import = 0Number of asset objects unloaded after import = 2

========================================================================
Received Import Request.
  Time since last request: 0.015751 seconds.
  path: Assets/Korytarz 1/Korytarz/wood/wood.jpg
  artifactKey: Guid(bf73377f0d3747b4299d54c35fd2cc3a) Importer(815301076,1909f56bfc062723c751e8b465ee728b)
Start importing Assets/Korytarz 1/Korytarz/wood/wood.jpg using Guid(bf73377f0d3747b4299d54c35fd2cc3a) Importer(815301076,1909f56bfc062723c751e8b465ee728b) (PreviewImporter) -> (artifact id: 'c00d6346deb61b0d94caebada53238e5') in 0.0141265 seconds
Number of updated asset objects reloaded before import = 0Number of asset objects unloaded after import = 2

========================================================================
Received Import Request.
  Time since last request: 0.017573 seconds.
  path: Assets/Jaskinia/3 (3).png
  artifactKey: Guid(6aa21400c9c54ad459739cbe112af6b3) Importer(815301076,1909f56bfc062723c751e8b465ee728b)
Start importing Assets/Jaskinia/3 (3).png using Guid(6aa21400c9c54ad459739cbe112af6b3) Importer(815301076,1909f56bfc062723c751e8b465ee728b) (PreviewImporter) -> (artifact id: 'd5c80cac2eb1af786ee04070c794400d') in 0.0142216 seconds
Number of updated asset objects reloaded before import = 0Number of asset objects unloaded after import = 2

========================================================================
Received Import Request.
  Time since last request: 0.022616 seconds.
  path: Assets/Torch 1/Torch/VRayMtl1SG_Normal_OpenGL copy.jpg
  artifactKey: Guid(d2edfbd8c36014948b2805db0cd1604f) Importer(815301076,1909f56bfc062723c751e8b465ee728b)
Start importing Assets/Torch 1/Torch/VRayMtl1SG_Normal_OpenGL copy.jpg using Guid(d2edfbd8c36014948b2805db0cd1604f) Importer(815301076,1909f56bfc062723c751e8b465ee728b) (PreviewImporter) -> (artifact id: 'bd595dde223f9d76fb1a658f9371303a') in 0.0143706 seconds
Number of updated asset objects reloaded before import = 0Number of asset objects unloaded after import = 2

========================================================================
Received Import Request.
  Time since last request: 0.002877 seconds.
  path: Assets/Korytarz 1/Korytarz/wood/Materials/wood_displace.mat
  artifactKey: Guid(10017c5dd2f90054e989a59421d0c8ee) Importer(815301076,1909f56bfc062723c751e8b465ee728b)
Start importing Assets/Korytarz 1/Korytarz/wood/Materials/wood_displace.mat using Guid(10017c5dd2f90054e989a59421d0c8ee) Importer(815301076,1909f56bfc062723c751e8b465ee728b) (PreviewImporter) -> (artifact id: '639231179f0bda8c1bc6d20165a27a0f') in 0.0148861 seconds
Number of updated asset objects reloaded before import = 0Number of asset objects unloaded after import = 2

========================================================================
Received Import Request.
  Time since last request: 0.005384 seconds.
  path: Assets/Korytarz 1/Korytarz/concrete/Thumbs.db
  artifactKey: Guid(ec94bce6b7ac0814cbb969d4e90cefd1) Importer(815301076,1909f56bfc062723c751e8b465ee728b)
Start importing Assets/Korytarz 1/Korytarz/concrete/Thumbs.db using Guid(ec94bce6b7ac0814cbb969d4e90cefd1) Importer(815301076,1909f56bfc062723c751e8b465ee728b) (PreviewImporter) -> (artifact id: '42f0246daf88cd000abc47da51d9e0f1') in 0.0011144 seconds
Number of updated asset objects reloaded before import = 0Number of asset objects unloaded after import = 1

========================================================================
Received Import Request.
  Time since last request: 0.067434 seconds.
  path: Assets/Jaskinia/Materials/Cave_Preview01.mat
  artifactKey: Guid(6b4c5a6f8a38e19439da084d59d98894) Importer(815301076,1909f56bfc062723c751e8b465ee728b)
Start importing Assets/Jaskinia/Materials/Cave_Preview01.mat using Guid(6b4c5a6f8a38e19439da084d59d98894) Importer(815301076,1909f56bfc062723c751e8b465ee728b) (PreviewImporter) -> (artifact id: '86d3362440a3a1e1b0f05d97a6df3b61') in 0.0157024 seconds
Number of updated asset objects reloaded before import = 0Number of asset objects unloaded after import = 2

========================================================================
Received Import Request.
  Time since last request: 0.014937 seconds.
  path: Assets/Korytarz 1/Korytarz/tierra/Materials/photos_2015_09_18_fst_1058v0uyzq4_displace.mat
  artifactKey: Guid(b2256eac84654264fa4124ce15c38b9e) Importer(815301076,1909f56bfc062723c751e8b465ee728b)
Start importing Assets/Korytarz 1/Korytarz/tierra/Materials/photos_2015_09_18_fst_1058v0uyzq4_displace.mat using Guid(b2256eac84654264fa4124ce15c38b9e) Importer(815301076,1909f56bfc062723c751e8b465ee728b) (PreviewImporter) -> (artifact id: 'da479eb86df289e373c332c0bf24aa79') in 0.0164449 seconds
Number of updated asset objects reloaded before import = 0Number of asset objects unloaded after import = 2

========================================================================
Received Import Request.
  Time since last request: 0.002730 seconds.
  path: Assets/New Render Texture.renderTexture
  artifactKey: Guid(77db4fdcb4907b44ca832133cb77f34a) Importer(815301076,1909f56bfc062723c751e8b465ee728b)
Start importing Assets/New Render Texture.renderTexture using Guid(77db4fdcb4907b44ca832133cb77f34a) Importer(815301076,1909f56bfc062723c751e8b465ee728b) (PreviewImporter) -> (artifact id: '249084130691e702e393e9663736c285') in 0.015647 seconds
Number of updated asset objects reloaded before import = 0Number of asset objects unloaded after import = 2

